This is pdfTeX, Version 3.14159265-2.6-1.40.18 (TeX Live 2017/Arch Linux) (preloaded format=pdflatex 2018.1.10)  10 JAN 2018 06:16
entering extended mode
 restricted \write18 enabled.
 %&-line parsing enabled.
**fb_invoice.tex
(./fb_invoice.tex
LaTeX2e <2017-04-15>
Babel <3.15> and hyphenation patterns for 84 language(s) loaded.
(/usr/share/texmf-dist/tex/latex/base/letter.cls
Document Class: letter 2014/09/29 v1.2z Standard LaTeX document class
(/usr/share/texmf-dist/tex/latex/base/size10.clo
File: size10.clo 2014/09/29 v1.4h Standard LaTeX file (size option)
)
\longindentation=\dimen102
\indentedwidth=\dimen103
\labelcount=\count79
)
(/usr/share/texmf-dist/tex/latex/invoice/invoice.sty
Package: invoice 2011/10/01
\invoice@language=\count80
\l@spanishe=\language84
\l@spanishv=\language85

(/usr/share/texmf-dist/tex/latex/base/ifthen.sty
Package: ifthen 2014/09/29 v1.1c Standard LaTeX ifthen package (DPC)
)
(/usr/share/texmf-dist/tex/latex/tools/longtable.sty
Package: longtable 2014/10/28 v4.11 Multi-page Table package (DPC)
\LTleft=\skip41
\LTright=\skip42
\LTpre=\skip43
\LTpost=\skip44
\LTchunksize=\count81
\LTcapwidth=\dimen104
\LT@head=\box26
\LT@firsthead=\box27
\LT@foot=\box28
\LT@lastfoot=\box29
\LT@cols=\count82
\LT@rows=\count83
\c@LT@tables=\count84
\c@LT@chunks=\count85
\c@table=\count86
\LT@p@ftn=\toks14
)
(/usr/share/texmf-dist/tex/latex/tools/calc.sty
Package: calc 2014/10/28 v4.3 Infix arithmetic (KKT,FJ)
\calc@Acount=\count87
\calc@Bcount=\count88
\calc@Adimen=\dimen105
\calc@Bdimen=\dimen106
\calc@Askip=\skip45
\calc@Bskip=\skip46
LaTeX Info: Redefining \setlength on input line 80.
LaTeX Info: Redefining \addtolength on input line 81.
\calc@Ccount=\count89
\calc@Cskip=\skip47
)
(/usr/share/texmf-dist/tex/plain/fp/fp.tex
(/usr/share/texmf-dist/tex/latex/fp/fp.sty
`Fixed Point Package', Version 0.8, April 2, 1995 (C) Michael Mehlich
(/usr/share/texmf-dist/tex/latex/fp/defpattern.sty
\actioncount=\count90
)
(/usr/share/texmf-dist/tex/latex/fp/fp-basic.sty
\FP@xs=\count91
\FP@xia=\count92
\FP@xib=\count93
\FP@xfa=\count94
\FP@xfb=\count95
\FP@rega=\count96
\FP@regb=\count97
\FP@regs=\count98
\FP@times=\count99
)
(/usr/share/texmf-dist/tex/latex/fp/fp-addons.sty)
(/usr/share/texmf-dist/tex/latex/fp/fp-snap.sty)
(/usr/share/texmf-dist/tex/latex/fp/fp-exp.sty)
(/usr/share/texmf-dist/tex/latex/fp/fp-trigo.sty)
(/usr/share/texmf-dist/tex/latex/fp/fp-pas.sty)
(/usr/share/texmf-dist/tex/latex/fp/fp-random.sty
\FPseed=\count100
)
(/usr/share/texmf-dist/tex/latex/fp/fp-eqn.sty)
(/usr/share/texmf-dist/tex/latex/fp/fp-upn.sty)
(/usr/share/texmf-dist/tex/latex/fp/fp-eval.sty)))
(/usr/share/texmf-dist/tex/latex/invoice/invoice.def)
\c@Fee=\count101
\c@VAT=\count102
\c@Expenses=\count103
\c@Discount=\count104
\c@Total=\count105
\c@Project=\count106
\c@Fee@ctr=\count107
\c@Expense@ctr=\count108
\c@One@Fee=\count109
\c@One@VAT=\count110
\c@One@Expense=\count111
\c@ST@Fee=\count112
\c@ST@VAT=\count113
\c@ST@Expenses=\count114
\c@ST@Project=\count115
)
(/usr/share/texmf-dist/tex/latex/psnfss/helvet.sty
(/usr/share/texmf-dist/tex/latex/graphics/keyval.sty
\KV@toks@=\toks15
)) (./fb_invoice.aux)
\openout1 = `fb_invoice.aux'.

LaTeX Font Info:    Checking defaults for OML/cmm/m/it on input line 20.
LaTeX Font Info:    ... okay on input line 20.
LaTeX Font Info:    Checking defaults for T1/cmr/m/n on input line 20.
LaTeX Font Info:    ... okay on input line 20.
LaTeX Font Info:    Checking defaults for OT1/cmr/m/n on input line 20.
LaTeX Font Info:    ... okay on input line 20.
LaTeX Font Info:    Checking defaults for OMS/cmsy/m/n on input line 20.
LaTeX Font Info:    ... okay on input line 20.
LaTeX Font Info:    Checking defaults for OMX/cmex/m/n on input line 20.
LaTeX Font Info:    ... okay on input line 20.
LaTeX Font Info:    Checking defaults for U/cmr/m/n on input line 20.
LaTeX Font Info:    ... okay on input line 20.
LaTeX Font Info:    Try loading font information for OT1+phv on input line 20.

(/usr/share/texmf-dist/tex/latex/psnfss/ot1phv.fd
File: ot1phv.fd 2001/06/04 scalable font definitions for OT1/phv.
)
LaTeX Font Info:    External font `cmex10' loaded for size
(Font)              <7> on input line 25.
LaTeX Font Info:    External font `cmex10' loaded for size
(Font)              <5> on input line 25.
 

VAT is zero!

LaTeX Font Info:    Font shape `OT1/phv/bx/n' in size <10> not available
(Font)              Font shape `OT1/phv/b/n' tried instead on input line 27.
LaTeX Font Info:    Font shape `OT1/phv/bx/n' in size <12> not available
(Font)              Font shape `OT1/phv/b/n' tried instead on input line 27.
( FP-MUL ) ( FP-MUL ) ( FP-TRUNC ) ( FP-MUL ) ( FP-MUL ) ( FP-TRUNC ) ( FP-MUL
) ( FP-MUL ) ( FP-TRUNC ) ( FP-MUL ) ( FP-MUL ) ( FP-TRUNC ) ( FP-MUL )
( FP-MUL ) ( FP-TRUNC ) ( FP-MUL ) ( FP-MUL ) ( FP-TRUNC ) ( FP-MUL )
( FP-TRUNC ) ( FP-MUL ) ( FP-TRUNC ) ( FP-MUL ) ( FP-TRUNC )

Currency: US Dollars 
VAT: 0 
Sum Fees:  ( FP-MUL ) ( FP-TRUNC ) 680.00 
Sum VAT:  ( FP-MUL ) ( FP-TRUNC ) 0.00 
Sum Expenses:  ( FP-MUL ) ( FP-TRUNC ) 0.00 ( FP-MUL ) ( FP-TRUNC ) 
Total:  ( FP-MUL ) ( FP-TRUNC ) 680.00 


Overfull \hbox (17.3018pt too wide) in alignment at lines 26--34
 [] [] [] [] [] 
 []

[1

{/var/lib/texmf/fonts/map/pdftex/updmap/pdftex.map}] (./fb_invoice.aux) ) 
Here is how much of TeX's memory you used:
 1244 strings out of 492985
 13860 string characters out of 6138638
 91395 words of memory out of 5000000
 4817 multiletter control sequences out of 15000+600000
 10762 words of font info for 24 fonts, out of 8000000 for 9000
 1141 hyphenation exceptions out of 8191
 23i,6n,26p,291b,231s stack positions out of 5000i,500n,10000p,200000b,80000s
{/usr/
share/texmf-dist/fonts/enc/dvips/base/8r.enc}</usr/share/texmf-dist/fonts/type1
/public/amsfonts/cm/cmtt10.pfb></usr/share/texmf-dist/fonts/type1/public/amsfon
ts/cm/cmtt8.pfb></usr/share/texmf-dist/fonts/type1/urw/helvetic/uhvb8a.pfb></us
r/share/texmf-dist/fonts/type1/urw/helvetic/uhvr8a.pfb>
Output written on fb_invoice.pdf (1 page, 34262 bytes).
PDF statistics:
 25 PDF objects out of 1000 (max. 8388607)
 17 compressed objects within 1 object stream
 0 named destinations out of 1000 (max. 500000)
 1 words of extra memory for PDF output out of 10000 (max. 10000000)

